2021-01-20 17:42:20,929:INFO:Now we are in addition operation
2021-01-20 17:42:20,929:INFO:Now we are in addition operation
2021-01-20 17:42:20,929:DEBUG:The Value after addition is 9
2021-01-20 17:42:20,929:INFO:Now we are in subtract operation
2021-01-20 17:42:20,929:INFO:Now we are in subtract operation
2021-01-20 17:42:20,929:DEBUG:The Value after subteaction is 9
2021-01-20 17:42:20,945:INFO:Now we are in multiplication operation
2021-01-20 17:42:20,945:INFO:Now we are in multiplication operation
2021-01-20 17:42:20,945:DEBUG:The Value after multiplication is 80
2021-01-20 17:42:20,945:INFO:Now we are in division operation
2021-01-20 17:42:20,945:INFO:Now we are in division operation
2021-01-20 17:42:20,945:DEBUG:The Value after multiplication is 4.5
2021-01-20 17:42:20,961:INFO:Now we are in division operation
2021-01-20 17:42:20,961:INFO:Now we are in division operation
2021-01-20 17:42:20,961:DEBUG:Zero Exception error
2021-01-20 17:42:20,961:INFO:to check the number odd or even
2021-01-20 17:42:20,961:INFO:to check the number odd or even
2021-01-20 17:42:20,961:INFO:4 is even
2021-01-20 17:42:20,961:INFO:4 is even
2021-01-20 17:42:20,976:INFO:to check the number odd or even
2021-01-20 17:42:20,976:INFO:to check the number odd or even
2021-01-20 17:42:20,976:INFO:7 is odd
2021-01-20 17:42:20,976:INFO:7 is odd
