2021-01-16 23:41:25,697:root:Now we are doing mathematical operations
2021-01-16 23:41:25,698:root:The user name is Ajey
2021-01-16 23:41:25,698:root:The first number is 10
2021-01-16 23:41:25,698:root:The second number is 12
2021-01-16 23:41:25,698:root:The string name is Nayak
2021-01-16 23:41:25,699:root:addition of two number is 22
2021-01-16 23:41:25,699:root:substraction of two number is -2
2021-01-16 23:41:25,699:root:Multiplication of two number is 120
2021-01-16 23:41:25,700:root:0.8333333333333334
2021-01-16 23:41:25,700:root:even
2021-01-16 23:41:25,718:root:\
2021-01-16 23:42:29,394:root:Now we are doing mathematical operations
2021-01-16 23:42:29,395:root:The user name is Ajey
2021-01-16 23:42:29,395:root:The first number is 10
2021-01-16 23:42:29,395:root:The second number is 12
2021-01-16 23:42:29,395:root:The string name is Nayak
2021-01-16 23:42:29,395:root:addition of two number is 22
2021-01-16 23:42:29,396:root:substraction of two number is -2
2021-01-16 23:42:29,396:root:Multiplication of two number is 120
2021-01-16 23:42:29,396:root:0.8333333333333334
2021-01-16 23:42:29,397:root:even
2021-01-16 23:42:29,414:root:\
